Using pre-set license
Built from '2020.2/release' branch; Version is '2020.2.2f1 (068178b99f32) revision 426360'; Using compiler version '192528614'; Build Type 'Release'
OS: 'Windows 10 Pro; OS build 18363.1316; Version 1909; 64bit' Language: 'en' Physical Memory: 32700 MB
BatchMode: 1, IsHumanControllingUs: 0, StartBugReporterOnCrash: 0, Is64bit: 1, IsPro: 0

 COMMAND LINE ARGUMENTS:
C:\Program Files\Unity\Hub\Editor\2020.2.2f1\Editor\Unity.exe
-adb2
-batchMode
-noUpm
-name
AssetImportWorker1
-projectPath
F:/Projects/ggj21-package/Source/Lost In Customs
-logFile
Logs/AssetImportWorker1.log
-srvPort
49332
Successfully changed project path to: F:/Projects/ggj21-package/Source/Lost In Customs
F:/Projects/ggj21-package/Source/Lost In Customs
Using Asset Import Pipeline V2.
Refreshing native plugins compatible for Editor in 28.86 ms, found 3 plugins.
Preloading 0 native plugins for Editor in 0.00 ms.
Initialize engine version: 2020.2.2f1 (068178b99f32)
[Subsystems] Discovering subsystems at path C:/Program Files/Unity/Hub/Editor/2020.2.2f1/Editor/Data/Resources/UnitySubsystems
[Subsystems] Discovering subsystems at path F:/Projects/ggj21-package/Source/Lost In Customs/Assets
GfxDevice: creating device client; threaded=0
Direct3D:
    Version:  Direct3D 11.0 [level 11.1]
    Renderer: NVIDIA GeForce RTX 3070 (ID=0x2484)
    Vendor:   
    VRAM:     8043 MB
    Driver:   27.21.14.6140
Initialize mono
Mono path[0] = 'C:/Program Files/Unity/Hub/Editor/2020.2.2f1/Editor/Data/Managed'
Mono path[1] = 'C:/Program Files/Unity/Hub/Editor/2020.2.2f1/Editor/Data/MonoBleedingEdge/lib/mono/unityjit'
Mono config path = 'C:/Program Files/Unity/Hub/Editor/2020.2.2f1/Editor/Data/MonoBleedingEdge/etc'
Using monoOptions --debugger-agent=transport=dt_socket,embedding=1,server=y,suspend=n,address=127.0.0.1:56636
Begin MonoManager ReloadAssembly
Registering precompiled unity dll's ...
Register platform support module: C:/Program Files/Unity/Hub/Editor/2020.2.2f1/Editor/Data/PlaybackEngines/WebGLSupport/UnityEditor.WebGL.Extensions.dll
Register platform support module: C:/Program Files/Unity/Hub/Editor/2020.2.2f1/Editor/Data/PlaybackEngines/WindowsStandaloneSupport/UnityEditor.WindowsStandalone.Extensions.dll
Registered in 0.001609 seconds.
Native extension for WindowsStandalone target not found
Native extension for WebGL target not found
Refreshing native plugins compatible for Editor in 27.89 ms, found 3 plugins.
Preloading 0 native plugins for Editor in 0.00 ms.
Invoked RoslynAnalysisRunner static constructor.
RoslynAnalysisRunner will not be running.
RoslynAnalysisRunner has terminated.
Mono: successfully reloaded assembly
- Completed reload, in  1.630 seconds
Platform modules already initialized, skipping
Registering precompiled user dll's ...
Registered in 0.000808 seconds.
Begin MonoManager ReloadAssembly
Native extension for WindowsStandalone target not found
Native extension for WebGL target not found
Refreshing native plugins compatible for Editor in 0.28 ms, found 3 plugins.
Preloading 0 native plugins for Editor in 0.00 ms.
Invoked RoslynAnalysisRunner static constructor.
RoslynAnalysisRunner will not be running.
RoslynAnalysisRunner has terminated.
Mono: successfully reloaded assembly
- Completed reload, in  0.736 seconds
Platform modules already initialized, skipping
========================================================================
Worker process is ready to serve import requests
Launched and connected shader compiler UnityShaderCompiler.exe after 0.04 seconds
Refreshing native plugins compatible for Editor in 0.30 ms, found 3 plugins.
Preloading 0 native plugins for Editor in 0.00 ms.
Unloading 1682 Unused Serialized files (Serialized files now loaded: 0)
System memory in use before: 152.3 MB.
System memory in use after: 152.4 MB.

Unloading 74 unused Assets to reduce memory usage. Loaded Objects now: 2128.
Total: 2.103000 ms (FindLiveObjects: 0.144500 ms CreateObjectMapping: 0.063000 ms MarkObjects: 1.741200 ms  DeleteObjects: 0.152800 ms)

========================================================================
Received Import Request.
  path: Assets/Prefabs/Enemies/Auditor.prefab
  artifactKey: Guid(fe218ce165cb11b4f8e6503808d718c1) Importer(815301076,1909f56bfc062723c751e8b465ee728b)
Start importing Assets/Prefabs/Enemies/Auditor.prefab using Guid(fe218ce165cb11b4f8e6503808d718c1) Importer(815301076,1909f56bfc062723c751e8b465ee728b)  -> (artifact id: 'e172ad585b70669bab587d9210630141') in 0.070909 seconds
  Import took 0.073173 seconds .

========================================================================
Received Import Request.
  Time since last request: 16.499532 seconds.
  path: Assets/Prefabs/Enemies/Guard.prefab
  artifactKey: Guid(a7eeb4609e8087e48910195d071b1dbc) Importer(815301076,1909f56bfc062723c751e8b465ee728b)
Start importing Assets/Prefabs/Enemies/Guard.prefab using Guid(a7eeb4609e8087e48910195d071b1dbc) Importer(815301076,1909f56bfc062723c751e8b465ee728b)  -> (artifact id: 'e69858edff20c2a71a88a819ac163321') in 0.008368 seconds
  Import took 0.010586 seconds .

========================================================================
Received Import Request.
  Time since last request: 7.645609 seconds.
  path: Assets/Prefabs/Enemies/Auditor.prefab
  artifactKey: Guid(fe218ce165cb11b4f8e6503808d718c1) Importer(815301076,1909f56bfc062723c751e8b465ee728b)
Start importing Assets/Prefabs/Enemies/Auditor.prefab using Guid(fe218ce165cb11b4f8e6503808d718c1) Importer(815301076,1909f56bfc062723c751e8b465ee728b)  -> (artifact id: '85de86b5b159296b2932987cf72a9e75') in 0.006449 seconds
  Import took 0.008708 seconds .

========================================================================
Received Import Request.
  Time since last request: 12.287360 seconds.
  path: Assets/Scripts/Enemy/EnemyDamage.cs
  artifactKey: Guid(a469e3c24cf875548b7eeba29ce0ad0d) Importer(815301076,1909f56bfc062723c751e8b465ee728b)
Start importing Assets/Scripts/Enemy/EnemyDamage.cs using Guid(a469e3c24cf875548b7eeba29ce0ad0d) Importer(815301076,1909f56bfc062723c751e8b465ee728b)  -> (artifact id: 'd3a13ea6bf8bc8b6d661281e7f4be735') in 0.003834 seconds
  Import took 0.005956 seconds .

========================================================================
Received Prepare
Registering precompiled user dll's ...
Registered in 0.000747 seconds.
Begin MonoManager ReloadAssembly
Native extension for WindowsStandalone target not found
Native extension for WebGL target not found
Refreshing native plugins compatible for Editor in 0.29 ms, found 3 plugins.
Preloading 0 native plugins for Editor in 0.00 ms.
Warning: Annotation not found!
UnityEngine.StackTraceUtility:ExtractStackTrace ()
UnityEditor.ProBuilder.EditorUtility:SetGizmoIconEnabled (System.Type,bool) (at Library/PackageCache/com.unity.probuilder@4.4.0/Editor/EditorCore/EditorUtility.cs:593)
UnityEditor.ProBuilder.HierarchyListener:.cctor () (at Library/PackageCache/com.unity.probuilder@4.4.0/Editor/EditorCore/HierarchyListener.cs:21)
System.Runtime.CompilerServices.RuntimeHelpers:RunClassConstructor (System.RuntimeTypeHandle)
UnityEditor.EditorAssemblies:ProcessInitializeOnLoadAttributes (System.Type[])

[Library/PackageCache/com.unity.probuilder@4.4.0/Editor/EditorCore/EditorUtility.cs line 593]

Invoked RoslynAnalysisRunner static constructor.
RoslynAnalysisRunner will not be running.
RoslynAnalysisRunner has terminated.
Mono: successfully reloaded assembly
- Completed reload, in  0.662 seconds
Platform modules already initialized, skipping
Refreshing native plugins compatible for Editor in 0.29 ms, found 3 plugins.
Preloading 0 native plugins for Editor in 0.00 ms.
Unloading 1641 Unused Serialized files (Serialized files now loaded: 0)
System memory in use before: 152.8 MB.
System memory in use after: 152.9 MB.

Unloading 12 unused Assets to reduce memory usage. Loaded Objects now: 2137.
Total: 1.878300 ms (FindLiveObjects: 0.133000 ms CreateObjectMapping: 0.043200 ms MarkObjects: 1.635800 ms  DeleteObjects: 0.065400 ms)

========================================================================
Received Import Request.
  Time since last request: 72.248117 seconds.
  path: Assets/Scripts/Enemy/EnemyDamage.cs
  artifactKey: Guid(a469e3c24cf875548b7eeba29ce0ad0d) Importer(815301076,1909f56bfc062723c751e8b465ee728b)
Start importing Assets/Scripts/Enemy/EnemyDamage.cs using Guid(a469e3c24cf875548b7eeba29ce0ad0d) Importer(815301076,1909f56bfc062723c751e8b465ee728b)  -> (artifact id: 'a70a4ae4fad7387afccb7dbfe5171aa4') in 0.002831 seconds
  Import took 0.016002 seconds .

========================================================================
Received Prepare
Registering precompiled user dll's ...
Registered in 0.000744 seconds.
Begin MonoManager ReloadAssembly
Native extension for WindowsStandalone target not found
Native extension for WebGL target not found
Refreshing native plugins compatible for Editor in 0.30 ms, found 3 plugins.
Preloading 0 native plugins for Editor in 0.00 ms.
Warning: Annotation not found!
UnityEngine.StackTraceUtility:ExtractStackTrace ()
UnityEditor.ProBuilder.EditorUtility:SetGizmoIconEnabled (System.Type,bool) (at Library/PackageCache/com.unity.probuilder@4.4.0/Editor/EditorCore/EditorUtility.cs:593)
UnityEditor.ProBuilder.HierarchyListener:.cctor () (at Library/PackageCache/com.unity.probuilder@4.4.0/Editor/EditorCore/HierarchyListener.cs:21)
System.Runtime.CompilerServices.RuntimeHelpers:RunClassConstructor (System.RuntimeTypeHandle)
UnityEditor.EditorAssemblies:ProcessInitializeOnLoadAttributes (System.Type[])

[Library/PackageCache/com.unity.probuilder@4.4.0/Editor/EditorCore/EditorUtility.cs line 593]

Invoked RoslynAnalysisRunner static constructor.
RoslynAnalysisRunner will not be running.
RoslynAnalysisRunner has terminated.
Mono: successfully reloaded assembly
- Completed reload, in  0.660 seconds
Platform modules already initialized, skipping
Refreshing native plugins compatible for Editor in 0.29 ms, found 3 plugins.
Preloading 0 native plugins for Editor in 0.00 ms.
Unloading 1641 Unused Serialized files (Serialized files now loaded: 0)
System memory in use before: 153.8 MB.
System memory in use after: 153.9 MB.

Unloading 12 unused Assets to reduce memory usage. Loaded Objects now: 2139.
Total: 1.781800 ms (FindLiveObjects: 0.133100 ms CreateObjectMapping: 0.048000 ms MarkObjects: 1.526800 ms  DeleteObjects: 0.073100 ms)

========================================================================
Received Import Request.
  Time since last request: 628.573712 seconds.
  path: Assets/Scripts/Manager/UIManager.cs
  artifactKey: Guid(ed0850358e0860f4fad003103d68eec6) Importer(815301076,1909f56bfc062723c751e8b465ee728b)
Start importing Assets/Scripts/Manager/UIManager.cs using Guid(ed0850358e0860f4fad003103d68eec6) Importer(815301076,1909f56bfc062723c751e8b465ee728b)  -> (artifact id: '1e3f08af7e57c08a6c4335f6bf7ca4f3') in 0.002655 seconds
  Import took 0.004605 seconds .

========================================================================
Received Prepare
Registering precompiled user dll's ...
Registered in 0.000765 seconds.
Begin MonoManager ReloadAssembly
Native extension for WindowsStandalone target not found
Native extension for WebGL target not found
Refreshing native plugins compatible for Editor in 0.31 ms, found 3 plugins.
Preloading 0 native plugins for Editor in 0.00 ms.
Warning: Annotation not found!
UnityEngine.StackTraceUtility:ExtractStackTrace ()
UnityEditor.ProBuilder.EditorUtility:SetGizmoIconEnabled (System.Type,bool) (at Library/PackageCache/com.unity.probuilder@4.4.0/Editor/EditorCore/EditorUtility.cs:593)
UnityEditor.ProBuilder.HierarchyListener:.cctor () (at Library/PackageCache/com.unity.probuilder@4.4.0/Editor/EditorCore/HierarchyListener.cs:21)
System.Runtime.CompilerServices.RuntimeHelpers:RunClassConstructor (System.RuntimeTypeHandle)
UnityEditor.EditorAssemblies:ProcessInitializeOnLoadAttributes (System.Type[])

[Library/PackageCache/com.unity.probuilder@4.4.0/Editor/EditorCore/EditorUtility.cs line 593]

Invoked RoslynAnalysisRunner static constructor.
RoslynAnalysisRunner will not be running.
RoslynAnalysisRunner has terminated.
Mono: successfully reloaded assembly
- Completed reload, in  0.679 seconds
Platform modules already initialized, skipping
Refreshing native plugins compatible for Editor in 0.28 ms, found 3 plugins.
Preloading 0 native plugins for Editor in 0.00 ms.
Unloading 1641 Unused Serialized files (Serialized files now loaded: 0)
System memory in use before: 153.9 MB.
System memory in use after: 154.0 MB.

Unloading 12 unused Assets to reduce memory usage. Loaded Objects now: 2141.
Total: 1.659400 ms (FindLiveObjects: 0.122600 ms CreateObjectMapping: 0.042000 ms MarkObjects: 1.446100 ms  DeleteObjects: 0.048100 ms)

========================================================================
Received Import Request.
  Time since last request: 153.835498 seconds.
  path: Assets/Sprites/ElevatorDoor.png
  artifactKey: Guid(399ba862850e25c438ed628a9ec8f1f9) Importer(815301076,1909f56bfc062723c751e8b465ee728b)
Start importing Assets/Sprites/ElevatorDoor.png using Guid(399ba862850e25c438ed628a9ec8f1f9) Importer(815301076,1909f56bfc062723c751e8b465ee728b)  -> (artifact id: '5d996d42d9dcce8829ce16a76e7069c2') in 0.074332 seconds
  Import took 0.076440 seconds .

========================================================================
Received Import Request.
  Time since last request: 56.379212 seconds.
  path: Assets/Sprites/Props/ElevatorDoor.png
  artifactKey: Guid(399ba862850e25c438ed628a9ec8f1f9) Importer(815301076,1909f56bfc062723c751e8b465ee728b)
Start importing Assets/Sprites/Props/ElevatorDoor.png using Guid(399ba862850e25c438ed628a9ec8f1f9) Importer(815301076,1909f56bfc062723c751e8b465ee728b)  -> (artifact id: '13776718bf24c7b64fbc8b2e5274bb59') in 0.006100 seconds
  Import took 0.008218 seconds .

========================================================================
Received Import Request.
  Time since last request: 12.838047 seconds.
  path: Assets/Sprites/Props/ElevatorDoor.png
  artifactKey: Guid(399ba862850e25c438ed628a9ec8f1f9) Importer(815301076,1909f56bfc062723c751e8b465ee728b)
Start importing Assets/Sprites/Props/ElevatorDoor.png using Guid(399ba862850e25c438ed628a9ec8f1f9) Importer(815301076,1909f56bfc062723c751e8b465ee728b)  -> (artifact id: 'f9ad6a451b14bac9547924020156bf89') in 0.013597 seconds
  Import took 0.015723 seconds .

========================================================================
Received Import Request.
  Time since last request: 4.830529 seconds.
  path: Assets/Sprites/Props/ElevatorDoor.png
  artifactKey: Guid(399ba862850e25c438ed628a9ec8f1f9) Importer(815301076,1909f56bfc062723c751e8b465ee728b)
Start importing Assets/Sprites/Props/ElevatorDoor.png using Guid(399ba862850e25c438ed628a9ec8f1f9) Importer(815301076,1909f56bfc062723c751e8b465ee728b)  -> (artifact id: 'd26bc7a79018fc7bc51ae42bd8b7f1a8') in 0.007421 seconds
  Import took 0.009480 seconds .

========================================================================
Received Import Request.
  Time since last request: 5.087733 seconds.
  path: Assets/Sprites/Props/ElevatorDoor.png
  artifactKey: Guid(399ba862850e25c438ed628a9ec8f1f9) Importer(815301076,1909f56bfc062723c751e8b465ee728b)
Start importing Assets/Sprites/Props/ElevatorDoor.png using Guid(399ba862850e25c438ed628a9ec8f1f9) Importer(815301076,1909f56bfc062723c751e8b465ee728b)  -> (artifact id: '63a3080ee99b14a42d9e68b10d36134a') in 0.009972 seconds
  Import took 0.012041 seconds .

========================================================================
Received Import Request.
  Time since last request: 0.010206 seconds.
  path: Assets/Sprites/Props/ElevatorDoor.png
  artifactKey: Guid(399ba862850e25c438ed628a9ec8f1f9) Importer(815301076,1909f56bfc062723c751e8b465ee728b)
Start importing Assets/Sprites/Props/ElevatorDoor.png using Guid(399ba862850e25c438ed628a9ec8f1f9) Importer(815301076,1909f56bfc062723c751e8b465ee728b)  -> (artifact id: '63a3080ee99b14a42d9e68b10d36134a') in 0.004590 seconds
  Import took 0.006627 seconds .

========================================================================
Received Prepare
Registering precompiled user dll's ...
Registered in 0.000724 seconds.
Begin MonoManager ReloadAssembly
Native extension for WindowsStandalone target not found
Native extension for WebGL target not found
Refreshing native plugins compatible for Editor in 0.30 ms, found 3 plugins.
Preloading 0 native plugins for Editor in 0.00 ms.
Warning: Annotation not found!
UnityEngine.StackTraceUtility:ExtractStackTrace ()
UnityEditor.ProBuilder.EditorUtility:SetGizmoIconEnabled (System.Type,bool) (at Library/PackageCache/com.unity.probuilder@4.4.0/Editor/EditorCore/EditorUtility.cs:593)
UnityEditor.ProBuilder.HierarchyListener:.cctor () (at Library/PackageCache/com.unity.probuilder@4.4.0/Editor/EditorCore/HierarchyListener.cs:21)
System.Runtime.CompilerServices.RuntimeHelpers:RunClassConstructor (System.RuntimeTypeHandle)
UnityEditor.EditorAssemblies:ProcessInitializeOnLoadAttributes (System.Type[])

[Library/PackageCache/com.unity.probuilder@4.4.0/Editor/EditorCore/EditorUtility.cs line 593]

Invoked RoslynAnalysisRunner static constructor.
RoslynAnalysisRunner will not be running.
RoslynAnalysisRunner has terminated.
Mono: successfully reloaded assembly
- Completed reload, in  0.675 seconds
Platform modules already initialized, skipping
Refreshing native plugins compatible for Editor in 0.28 ms, found 3 plugins.
Preloading 0 native plugins for Editor in 0.00 ms.
Unloading 1641 Unused Serialized files (Serialized files now loaded: 0)
System memory in use before: 153.9 MB.
System memory in use after: 154.0 MB.

Unloading 12 unused Assets to reduce memory usage. Loaded Objects now: 2147.
Total: 1.829400 ms (FindLiveObjects: 0.126600 ms CreateObjectMapping: 0.044900 ms MarkObjects: 1.604000 ms  DeleteObjects: 0.053200 ms)

